The system is: Darwin - 20.4.0 - arm64
Compiling the C compiler identification source file "CMakeCCompilerId.c" succeeded.
Compiler: /opt/homebrew/Cellar/gcc/10.2.0_4/bin/gcc-10 
Build flags: 
Id flags:  

The output was:
0


Compilation of the C compiler identification source "CMakeCCompilerId.c" produced "a.out"

The C compiler identification is GNU, found in "/Users/brianmj/CLionProjects/test_gl/cmake-build-debug/CMakeFiles/3.19.2/CompilerIdC/a.out"

Compiling the CXX compiler identification source file "CMakeCXXCompilerId.cpp" succeeded.
Compiler: /opt/homebrew/Cellar/gcc/10.2.0_4/bin/g++-10 
Build flags: 
Id flags:  

The output was:
0


Compilation of the CXX compiler identification source "CMakeCXXCompilerId.cpp" produced "a.out"

The CXX compiler identification is GNU, found in "/Users/brianmj/CLionProjects/test_gl/cmake-build-debug/CMakeFiles/3.19.2/CompilerIdCXX/a.out"

Detecting C compiler ABI info compiled with the following output:
Change Dir: /Users/brianmj/CLionProjects/test_gl/cmake-build-debug/CMakeFiles/CMakeTmp

Run Build Command(s):/usr/bin/make cmTC_d7549/fast && /Library/Developer/CommandLineTools/usr/bin/make  -f CMakeFiles/cmTC_d7549.dir/build.make CMakeFiles/cmTC_d7549.dir/build
Building C object CMakeFiles/cmTC_d7549.dir/CMakeCCompilerABI.c.o
/opt/homebrew/Cellar/gcc/10.2.0_4/bin/gcc-10   -arch arm64 -isysroot /Library/Developer/CommandLineTools/SDKs/MacOSX11.3.sdk   -v -Wl,-v -o CMakeFiles/cmTC_d7549.dir/CMakeCCompilerABI.c.o -c "/Users/brianmj/Library/Application Support/JetBrains/Toolbox/apps/CLion-ARM/ch-0/211.6693.114/CLion.app/Contents/bin/cmake/mac/share/cmake-3.19/Modules/CMakeCCompilerABI.c"
Using built-in specs.
COLLECT_GCC=/opt/homebrew/Cellar/gcc/10.2.0_4/bin/gcc-10
Target: aarch64-apple-darwin20
Configured with: ../configure --build=aarch64-apple-darwin20 --prefix=/opt/homebrew/Cellar/gcc/10.2.0_4 --libdir=/opt/homebrew/Cellar/gcc/10.2.0_4/lib/gcc/10 --disable-nls --enable-checking=release --enable-languages=c,c++,objc,obj-c++,fortran --program-suffix=-10 --with-gmp=/opt/homebrew/opt/gmp --with-mpfr=/opt/homebrew/opt/mpfr --with-mpc=/opt/homebrew/opt/libmpc --with-isl=/opt/homebrew/opt/isl --with-system-zlib --with-pkgversion='Homebrew GCC 10.2.0_4' --with-bugurl=https://github.com/Homebrew/homebrew-core/issues --disable-multilib --with-native-system-header-dir=/usr/include --with-sysroot=/Library/Developer/CommandLineTools/SDKs/MacOSX.sdk SED=/usr/bin/sed
Thread model: posix
Supported LTO compression algorithms: zlib
gcc version 10.2.1 20201220 (Homebrew GCC 10.2.0_4) 
COLLECT_GCC_OPTIONS='-isysroot' '/Library/Developer/CommandLineTools/SDKs/MacOSX11.3.sdk' '-v' '-o' 'CMakeFiles/cmTC_d7549.dir/CMakeCCompilerABI.c.o' '-c' '-mmacosx-version-min=11.3.0' '-asm_macosx_version_min=11.3' '-mlittle-endian' '-mabi=lp64'
 /opt/homebrew/Cellar/gcc/10.2.0_4/libexec/gcc/aarch64-apple-darwin20/10.2.1/cc1 -quiet -v -D__DYNAMIC__ -isysroot /Library/Developer/CommandLineTools/SDKs/MacOSX11.3.sdk /Users/brianmj/Library/Application Support/JetBrains/Toolbox/apps/CLion-ARM/ch-0/211.6693.114/CLion.app/Contents/bin/cmake/mac/share/cmake-3.19/Modules/CMakeCCompilerABI.c -fPIC -quiet -dumpbase CMakeCCompilerABI.c -mmacosx-version-min=11.3.0 -mlittle-endian -mabi=lp64 -auxbase-strip CMakeFiles/cmTC_d7549.dir/CMakeCCompilerABI.c.o -version -o /var/folders/3y/0c6psy214zq012qq8z3w3yyw0000gn/T//ccA4ryER.s
GNU C17 (Homebrew GCC 10.2.0_4) version 10.2.1 20201220 (aarch64-apple-darwin20)
	compiled by GNU C version 10.2.1 20201220, GMP version 6.2.1, MPFR version 4.1.0, MPC version 1.2.1, isl version isl-0.23-GMP

GGC heuristics: --param ggc-min-expand=100 --param ggc-min-heapsize=131072
ignoring nonexistent directory "/Library/Developer/CommandLineTools/SDKs/MacOSX11.3.sdk/usr/local/include"
ignoring nonexistent directory "/opt/homebrew/Cellar/gcc/10.2.0_4/lib/gcc/10/gcc/aarch64-apple-darwin20/10.2.1/../../../../../../aarch64-apple-darwin20/include"
ignoring nonexistent directory "/Library/Developer/CommandLineTools/SDKs/MacOSX11.3.sdk/Library/Frameworks"
#include "..." search starts here:
#include <...> search starts here:
 /opt/homebrew/Cellar/gcc/10.2.0_4/lib/gcc/10/gcc/aarch64-apple-darwin20/10.2.1/include
 /opt/homebrew/Cellar/gcc/10.2.0_4/lib/gcc/10/gcc/aarch64-apple-darwin20/10.2.1/include-fixed
 /Library/Developer/CommandLineTools/SDKs/MacOSX11.3.sdk/usr/include
 /Library/Developer/CommandLineTools/SDKs/MacOSX11.3.sdk/System/Library/Frameworks
End of search list.
GNU C17 (Homebrew GCC 10.2.0_4) version 10.2.1 20201220 (aarch64-apple-darwin20)
	compiled by GNU C version 10.2.1 20201220, GMP version 6.2.1, MPFR version 4.1.0, MPC version 1.2.1, isl version isl-0.23-GMP

GGC heuristics: --param ggc-min-expand=100 --param ggc-min-heapsize=131072
Compiler executable checksum: 942226c98de1155119dabc84864037d0
COLLECT_GCC_OPTIONS='-isysroot' '/Library/Developer/CommandLineTools/SDKs/MacOSX11.3.sdk' '-v' '-o' 'CMakeFiles/cmTC_d7549.dir/CMakeCCompilerABI.c.o' '-c' '-mmacosx-version-min=11.3.0'  '-mlittle-endian' '-mabi=lp64'
 as -arch arm64 -v -mmacosx-version-min=11.3 -o CMakeFiles/cmTC_d7549.dir/CMakeCCompilerABI.c.o /var/folders/3y/0c6psy214zq012qq8z3w3yyw0000gn/T//ccA4ryER.s
Apple clang version 12.0.5 (clang-1205.0.22.9)
Target: aarch64-apple-darwin20.4.0
Thread model: posix
InstalledDir: /Library/Developer/CommandLineTools/usr/bin
 "/Library/Developer/CommandLineTools/usr/bin/clang" -cc1as -triple arm64-apple-macosx11.3.0 -filetype obj -main-file-name ccA4ryER.s -target-cpu apple-a12 -target-feature +v8.3a -target-feature +fp-armv8 -target-feature +neon -target-feature +crc -target-feature +crypto -target-feature +fullfp16 -target-feature +ras -target-feature +lse -target-feature +rdm -target-feature +rcpc -target-feature +zcm -target-feature +zcz -target-feature +sha2 -target-feature +aes -fdebug-compilation-dir /Users/brianmj/CLionProjects/test_gl/cmake-build-debug/CMakeFiles/CMakeTmp -dwarf-debug-producer "Apple clang version 12.0.5 (clang-1205.0.22.9)" -dwarf-version=4 -mrelocation-model pic -mllvm -disable-aligned-alloc-awareness=1 -o CMakeFiles/cmTC_d7549.dir/CMakeCCompilerABI.c.o /var/folders/3y/0c6psy214zq012qq8z3w3yyw0000gn/T//ccA4ryER.s
COMPILER_PATH=/opt/homebrew/Cellar/gcc/10.2.0_4/libexec/gcc/aarch64-apple-darwin20/10.2.1/:/opt/homebrew/Cellar/gcc/10.2.0_4/libexec/gcc/aarch64-apple-darwin20/10.2.1/:/opt/homebrew/Cellar/gcc/10.2.0_4/libexec/gcc/aarch64-apple-darwin20/:/opt/homebrew/Cellar/gcc/10.2.0_4/lib/gcc/10/gcc/aarch64-apple-darwin20/10.2.1/:/opt/homebrew/Cellar/gcc/10.2.0_4/lib/gcc/10/gcc/aarch64-apple-darwin20/
LIBRARY_PATH=/opt/homebrew/Cellar/gcc/10.2.0_4/lib/gcc/10/gcc/aarch64-apple-darwin20/10.2.1/:/opt/homebrew/Cellar/gcc/10.2.0_4/lib/gcc/10/gcc/aarch64-apple-darwin20/10.2.1/../../../
COLLECT_GCC_OPTIONS='-isysroot' '/Library/Developer/CommandLineTools/SDKs/MacOSX11.3.sdk' '-v' '-o' 'CMakeFiles/cmTC_d7549.dir/CMakeCCompilerABI.c.o' '-c' '-mmacosx-version-min=11.3.0'  '-mlittle-endian' '-mabi=lp64'
Linking C executable cmTC_d7549
"/Users/brianmj/Library/Application Support/JetBrains/Toolbox/apps/CLion-ARM/ch-0/211.6693.114/CLion.app/Contents/bin/cmake/mac/bin/cmake" -E cmake_link_script CMakeFiles/cmTC_d7549.dir/link.txt --verbose=1
/opt/homebrew/Cellar/gcc/10.2.0_4/bin/gcc-10  -arch arm64 -isysroot /Library/Developer/CommandLineTools/SDKs/MacOSX11.3.sdk -Wl,-search_paths_first -Wl,-headerpad_max_install_names  -v -Wl,-v CMakeFiles/cmTC_d7549.dir/CMakeCCompilerABI.c.o -o cmTC_d7549 
Using built-in specs.
COLLECT_GCC=/opt/homebrew/Cellar/gcc/10.2.0_4/bin/gcc-10
COLLECT_LTO_WRAPPER=/opt/homebrew/Cellar/gcc/10.2.0_4/libexec/gcc/aarch64-apple-darwin20/10.2.1/lto-wrapper
Target: aarch64-apple-darwin20
Configured with: ../configure --build=aarch64-apple-darwin20 --prefix=/opt/homebrew/Cellar/gcc/10.2.0_4 --libdir=/opt/homebrew/Cellar/gcc/10.2.0_4/lib/gcc/10 --disable-nls --enable-checking=release --enable-languages=c,c++,objc,obj-c++,fortran --program-suffix=-10 --with-gmp=/opt/homebrew/opt/gmp --with-mpfr=/opt/homebrew/opt/mpfr --with-mpc=/opt/homebrew/opt/libmpc --with-isl=/opt/homebrew/opt/isl --with-system-zlib --with-pkgversion='Homebrew GCC 10.2.0_4' --with-bugurl=https://github.com/Homebrew/homebrew-core/issues --disable-multilib --with-native-system-header-dir=/usr/include --with-sysroot=/Library/Developer/CommandLineTools/SDKs/MacOSX.sdk SED=/usr/bin/sed
Thread model: posix
Supported LTO compression algorithms: zlib
gcc version 10.2.1 20201220 (Homebrew GCC 10.2.0_4) 
COMPILER_PATH=/opt/homebrew/Cellar/gcc/10.2.0_4/libexec/gcc/aarch64-apple-darwin20/10.2.1/:/opt/homebrew/Cellar/gcc/10.2.0_4/libexec/gcc/aarch64-apple-darwin20/10.2.1/:/opt/homebrew/Cellar/gcc/10.2.0_4/libexec/gcc/aarch64-apple-darwin20/:/opt/homebrew/Cellar/gcc/10.2.0_4/lib/gcc/10/gcc/aarch64-apple-darwin20/10.2.1/:/opt/homebrew/Cellar/gcc/10.2.0_4/lib/gcc/10/gcc/aarch64-apple-darwin20/
LIBRARY_PATH=/opt/homebrew/Cellar/gcc/10.2.0_4/lib/gcc/10/gcc/aarch64-apple-darwin20/10.2.1/:/opt/homebrew/Cellar/gcc/10.2.0_4/lib/gcc/10/gcc/aarch64-apple-darwin20/10.2.1/../../../
COLLECT_GCC_OPTIONS='-isysroot' '/Library/Developer/CommandLineTools/SDKs/MacOSX11.3.sdk' '-v' '-o' 'cmTC_d7549' '-mmacosx-version-min=11.3.0' '-asm_macosx_version_min=11.3' '-mlittle-endian' '-mabi=lp64'
 /opt/homebrew/Cellar/gcc/10.2.0_4/libexec/gcc/aarch64-apple-darwin20/10.2.1/collect2 -dynamic -arch arm64 -macosx_version_min 11.3.0 -syslibroot /Library/Developer/CommandLineTools/SDKs/MacOSX11.3.sdk -weak_reference_mismatches non-weak -o cmTC_d7549 -L/opt/homebrew/Cellar/gcc/10.2.0_4/lib/gcc/10/gcc/aarch64-apple-darwin20/10.2.1 -L/opt/homebrew/Cellar/gcc/10.2.0_4/lib/gcc/10/gcc/aarch64-apple-darwin20/10.2.1/../../.. -search_paths_first -headerpad_max_install_names -v CMakeFiles/cmTC_d7549.dir/CMakeCCompilerABI.c.o -lemutls_w -lgcc -lSystem -lgcc -no_compact_unwind -v
collect2 version 10.2.1 20201220
/usr/bin/ld -dynamic -arch arm64 -macosx_version_min 11.3.0 -syslibroot /Library/Developer/CommandLineTools/SDKs/MacOSX11.3.sdk -weak_reference_mismatches non-weak -o cmTC_d7549 -L/opt/homebrew/Cellar/gcc/10.2.0_4/lib/gcc/10/gcc/aarch64-apple-darwin20/10.2.1 -L/opt/homebrew/Cellar/gcc/10.2.0_4/lib/gcc/10/gcc/aarch64-apple-darwin20/10.2.1/../../.. -search_paths_first -headerpad_max_install_names -v CMakeFiles/cmTC_d7549.dir/CMakeCCompilerABI.c.o -lemutls_w -lgcc -lSystem -lgcc -no_compact_unwind -v
@(#)PROGRAM:ld  PROJECT:ld64-650.9
BUILD 00:19:34 Mar 17 2021
configured to support archs: armv6 armv7 armv7s arm64 arm64e arm64_32 i386 x86_64 x86_64h armv6m armv7k armv7m armv7em
@(#)PROGRAM:ld  PROJECT:ld64-650.9
BUILD 00:19:34 Mar 17 2021
configured to support archs: armv6 armv7 armv7s arm64 arm64e arm64_32 i386 x86_64 x86_64h armv6m armv7k armv7m armv7em
Library search paths:
	/opt/homebrew/Cellar/gcc/10.2.0_4/lib/gcc/10/gcc/aarch64-apple-darwin20/10.2.1
	/opt/homebrew/Cellar/gcc/10.2.0_4/lib/gcc/10
	/Library/Developer/CommandLineTools/SDKs/MacOSX11.3.sdk/usr/lib
Framework search paths:
	/Library/Developer/CommandLineTools/SDKs/MacOSX11.3.sdk/System/Library/Frameworks/



Parsed C implicit include dir info from above output: rv=done
  found start of include info
  found start of implicit include info
    add: [/opt/homebrew/Cellar/gcc/10.2.0_4/lib/gcc/10/gcc/aarch64-apple-darwin20/10.2.1/include]
    add: [/opt/homebrew/Cellar/gcc/10.2.0_4/lib/gcc/10/gcc/aarch64-apple-darwin20/10.2.1/include-fixed]
    add: [/Library/Developer/CommandLineTools/SDKs/MacOSX11.3.sdk/usr/include]
    add: [/Library/Developer/CommandLineTools/SDKs/MacOSX11.3.sdk/System/Library/Frameworks]
  end of search list found
  collapse include dir [/opt/homebrew/Cellar/gcc/10.2.0_4/lib/gcc/10/gcc/aarch64-apple-darwin20/10.2.1/include] ==> [/opt/homebrew/Cellar/gcc/10.2.0_4/lib/gcc/10/gcc/aarch64-apple-darwin20/10.2.1/include]
  collapse include dir [/opt/homebrew/Cellar/gcc/10.2.0_4/lib/gcc/10/gcc/aarch64-apple-darwin20/10.2.1/include-fixed] ==> [/opt/homebrew/Cellar/gcc/10.2.0_4/lib/gcc/10/gcc/aarch64-apple-darwin20/10.2.1/include-fixed]
  collapse include dir [/Library/Developer/CommandLineTools/SDKs/MacOSX11.3.sdk/usr/include] ==> [/Library/Developer/CommandLineTools/SDKs/MacOSX11.3.sdk/usr/include]
  collapse include dir [/Library/Developer/CommandLineTools/SDKs/MacOSX11.3.sdk/System/Library/Frameworks] ==> [/Library/Developer/CommandLineTools/SDKs/MacOSX11.3.sdk/System/Library/Frameworks]
  implicit include dirs: [/opt/homebrew/Cellar/gcc/10.2.0_4/lib/gcc/10/gcc/aarch64-apple-darwin20/10.2.1/include;/opt/homebrew/Cellar/gcc/10.2.0_4/lib/gcc/10/gcc/aarch64-apple-darwin20/10.2.1/include-fixed;/Library/Developer/CommandLineTools/SDKs/MacOSX11.3.sdk/usr/include;/Library/Developer/CommandLineTools/SDKs/MacOSX11.3.sdk/System/Library/Frameworks]


Parsed C implicit link information from above output:
  link line regex: [^( *|.*[/\])(ld|CMAKE_LINK_STARTFILE-NOTFOUND|([^/\]+-)?ld|collect2)[^/\]*( |$)]
  ignore line: [Change Dir: /Users/brianmj/CLionProjects/test_gl/cmake-build-debug/CMakeFiles/CMakeTmp]
  ignore line: []
  ignore line: [Run Build Command(s):/usr/bin/make cmTC_d7549/fast && /Library/Developer/CommandLineTools/usr/bin/make  -f CMakeFiles/cmTC_d7549.dir/build.make CMakeFiles/cmTC_d7549.dir/build]
  ignore line: [Building C object CMakeFiles/cmTC_d7549.dir/CMakeCCompilerABI.c.o]
  ignore line: [/opt/homebrew/Cellar/gcc/10.2.0_4/bin/gcc-10   -arch arm64 -isysroot /Library/Developer/CommandLineTools/SDKs/MacOSX11.3.sdk   -v -Wl -v -o CMakeFiles/cmTC_d7549.dir/CMakeCCompilerABI.c.o -c "/Users/brianmj/Library/Application Support/JetBrains/Toolbox/apps/CLion-ARM/ch-0/211.6693.114/CLion.app/Contents/bin/cmake/mac/share/cmake-3.19/Modules/CMakeCCompilerABI.c"]
  ignore line: [Using built-in specs.]
  ignore line: [COLLECT_GCC=/opt/homebrew/Cellar/gcc/10.2.0_4/bin/gcc-10]
  ignore line: [Target: aarch64-apple-darwin20]
  ignore line: [Configured with: ../configure --build=aarch64-apple-darwin20 --prefix=/opt/homebrew/Cellar/gcc/10.2.0_4 --libdir=/opt/homebrew/Cellar/gcc/10.2.0_4/lib/gcc/10 --disable-nls --enable-checking=release --enable-languages=c c++ objc obj-c++ fortran --program-suffix=-10 --with-gmp=/opt/homebrew/opt/gmp --with-mpfr=/opt/homebrew/opt/mpfr --with-mpc=/opt/homebrew/opt/libmpc --with-isl=/opt/homebrew/opt/isl --with-system-zlib --with-pkgversion='Homebrew GCC 10.2.0_4' --with-bugurl=https://github.com/Homebrew/homebrew-core/issues --disable-multilib --with-native-system-header-dir=/usr/include --with-sysroot=/Library/Developer/CommandLineTools/SDKs/MacOSX.sdk SED=/usr/bin/sed]
  ignore line: [Thread model: posix]
  ignore line: [Supported LTO compression algorithms: zlib]
  ignore line: [gcc version 10.2.1 20201220 (Homebrew GCC 10.2.0_4) ]
  ignore line: [COLLECT_GCC_OPTIONS='-isysroot' '/Library/Developer/CommandLineTools/SDKs/MacOSX11.3.sdk' '-v' '-o' 'CMakeFiles/cmTC_d7549.dir/CMakeCCompilerABI.c.o' '-c' '-mmacosx-version-min=11.3.0' '-asm_macosx_version_min=11.3' '-mlittle-endian' '-mabi=lp64']
  ignore line: [ /opt/homebrew/Cellar/gcc/10.2.0_4/libexec/gcc/aarch64-apple-darwin20/10.2.1/cc1 -quiet -v -D__DYNAMIC__ -isysroot /Library/Developer/CommandLineTools/SDKs/MacOSX11.3.sdk /Users/brianmj/Library/Application Support/JetBrains/Toolbox/apps/CLion-ARM/ch-0/211.6693.114/CLion.app/Contents/bin/cmake/mac/share/cmake-3.19/Modules/CMakeCCompilerABI.c -fPIC -quiet -dumpbase CMakeCCompilerABI.c -mmacosx-version-min=11.3.0 -mlittle-endian -mabi=lp64 -auxbase-strip CMakeFiles/cmTC_d7549.dir/CMakeCCompilerABI.c.o -version -o /var/folders/3y/0c6psy214zq012qq8z3w3yyw0000gn/T//ccA4ryER.s]
  ignore line: [GNU C17 (Homebrew GCC 10.2.0_4) version 10.2.1 20201220 (aarch64-apple-darwin20)]
  ignore line: [	compiled by GNU C version 10.2.1 20201220  GMP version 6.2.1  MPFR version 4.1.0  MPC version 1.2.1  isl version isl-0.23-GMP]
  ignore line: []
  ignore line: [GGC heuristics: --param ggc-min-expand=100 --param ggc-min-heapsize=131072]
  ignore line: [ignoring nonexistent directory "/Library/Developer/CommandLineTools/SDKs/MacOSX11.3.sdk/usr/local/include"]
  ignore line: [ignoring nonexistent directory "/opt/homebrew/Cellar/gcc/10.2.0_4/lib/gcc/10/gcc/aarch64-apple-darwin20/10.2.1/../../../../../../aarch64-apple-darwin20/include"]
  ignore line: [ignoring nonexistent directory "/Library/Developer/CommandLineTools/SDKs/MacOSX11.3.sdk/Library/Frameworks"]
  ignore line: [#include "..." search starts here:]
  ignore line: [#include <...> search starts here:]
  ignore line: [ /opt/homebrew/Cellar/gcc/10.2.0_4/lib/gcc/10/gcc/aarch64-apple-darwin20/10.2.1/include]
  ignore line: [ /opt/homebrew/Cellar/gcc/10.2.0_4/lib/gcc/10/gcc/aarch64-apple-darwin20/10.2.1/include-fixed]
  ignore line: [ /Library/Developer/CommandLineTools/SDKs/MacOSX11.3.sdk/usr/include]
  ignore line: [ /Library/Developer/CommandLineTools/SDKs/MacOSX11.3.sdk/System/Library/Frameworks]
  ignore line: [End of search list.]
  ignore line: [GNU C17 (Homebrew GCC 10.2.0_4) version 10.2.1 20201220 (aarch64-apple-darwin20)]
  ignore line: [	compiled by GNU C version 10.2.1 20201220  GMP version 6.2.1  MPFR version 4.1.0  MPC version 1.2.1  isl version isl-0.23-GMP]
  ignore line: []
  ignore line: [GGC heuristics: --param ggc-min-expand=100 --param ggc-min-heapsize=131072]
  ignore line: [Compiler executable checksum: 942226c98de1155119dabc84864037d0]
  ignore line: [COLLECT_GCC_OPTIONS='-isysroot' '/Library/Developer/CommandLineTools/SDKs/MacOSX11.3.sdk' '-v' '-o' 'CMakeFiles/cmTC_d7549.dir/CMakeCCompilerABI.c.o' '-c' '-mmacosx-version-min=11.3.0'  '-mlittle-endian' '-mabi=lp64']
  ignore line: [ as -arch arm64 -v -mmacosx-version-min=11.3 -o CMakeFiles/cmTC_d7549.dir/CMakeCCompilerABI.c.o /var/folders/3y/0c6psy214zq012qq8z3w3yyw0000gn/T//ccA4ryER.s]
  ignore line: [Apple clang version 12.0.5 (clang-1205.0.22.9)]
  ignore line: [Target: aarch64-apple-darwin20.4.0]
  ignore line: [Thread model: posix]
  ignore line: [InstalledDir: /Library/Developer/CommandLineTools/usr/bin]
  ignore line: [ "/Library/Developer/CommandLineTools/usr/bin/clang" -cc1as -triple arm64-apple-macosx11.3.0 -filetype obj -main-file-name ccA4ryER.s -target-cpu apple-a12 -target-feature +v8.3a -target-feature +fp-armv8 -target-feature +neon -target-feature +crc -target-feature +crypto -target-feature +fullfp16 -target-feature +ras -target-feature +lse -target-feature +rdm -target-feature +rcpc -target-feature +zcm -target-feature +zcz -target-feature +sha2 -target-feature +aes -fdebug-compilation-dir /Users/brianmj/CLionProjects/test_gl/cmake-build-debug/CMakeFiles/CMakeTmp -dwarf-debug-producer "Apple clang version 12.0.5 (clang-1205.0.22.9)" -dwarf-version=4 -mrelocation-model pic -mllvm -disable-aligned-alloc-awareness=1 -o CMakeFiles/cmTC_d7549.dir/CMakeCCompilerABI.c.o /var/folders/3y/0c6psy214zq012qq8z3w3yyw0000gn/T//ccA4ryER.s]
  ignore line: [COMPILER_PATH=/opt/homebrew/Cellar/gcc/10.2.0_4/libexec/gcc/aarch64-apple-darwin20/10.2.1/:/opt/homebrew/Cellar/gcc/10.2.0_4/libexec/gcc/aarch64-apple-darwin20/10.2.1/:/opt/homebrew/Cellar/gcc/10.2.0_4/libexec/gcc/aarch64-apple-darwin20/:/opt/homebrew/Cellar/gcc/10.2.0_4/lib/gcc/10/gcc/aarch64-apple-darwin20/10.2.1/:/opt/homebrew/Cellar/gcc/10.2.0_4/lib/gcc/10/gcc/aarch64-apple-darwin20/]
  ignore line: [LIBRARY_PATH=/opt/homebrew/Cellar/gcc/10.2.0_4/lib/gcc/10/gcc/aarch64-apple-darwin20/10.2.1/:/opt/homebrew/Cellar/gcc/10.2.0_4/lib/gcc/10/gcc/aarch64-apple-darwin20/10.2.1/../../../]
  ignore line: [COLLECT_GCC_OPTIONS='-isysroot' '/Library/Developer/CommandLineTools/SDKs/MacOSX11.3.sdk' '-v' '-o' 'CMakeFiles/cmTC_d7549.dir/CMakeCCompilerABI.c.o' '-c' '-mmacosx-version-min=11.3.0'  '-mlittle-endian' '-mabi=lp64']
  ignore line: [Linking C executable cmTC_d7549]
  ignore line: ["/Users/brianmj/Library/Application Support/JetBrains/Toolbox/apps/CLion-ARM/ch-0/211.6693.114/CLion.app/Contents/bin/cmake/mac/bin/cmake" -E cmake_link_script CMakeFiles/cmTC_d7549.dir/link.txt --verbose=1]
  ignore line: [/opt/homebrew/Cellar/gcc/10.2.0_4/bin/gcc-10  -arch arm64 -isysroot /Library/Developer/CommandLineTools/SDKs/MacOSX11.3.sdk -Wl -search_paths_first -Wl -headerpad_max_install_names  -v -Wl -v CMakeFiles/cmTC_d7549.dir/CMakeCCompilerABI.c.o -o cmTC_d7549 ]
  ignore line: [Using built-in specs.]
  ignore line: [COLLECT_GCC=/opt/homebrew/Cellar/gcc/10.2.0_4/bin/gcc-10]
  ignore line: [COLLECT_LTO_WRAPPER=/opt/homebrew/Cellar/gcc/10.2.0_4/libexec/gcc/aarch64-apple-darwin20/10.2.1/lto-wrapper]
  ignore line: [Target: aarch64-apple-darwin20]
  ignore line: [Configured with: ../configure --build=aarch64-apple-darwin20 --prefix=/opt/homebrew/Cellar/gcc/10.2.0_4 --libdir=/opt/homebrew/Cellar/gcc/10.2.0_4/lib/gcc/10 --disable-nls --enable-checking=release --enable-languages=c c++ objc obj-c++ fortran --program-suffix=-10 --with-gmp=/opt/homebrew/opt/gmp --with-mpfr=/opt/homebrew/opt/mpfr --with-mpc=/opt/homebrew/opt/libmpc --with-isl=/opt/homebrew/opt/isl --with-system-zlib --with-pkgversion='Homebrew GCC 10.2.0_4' --with-bugurl=https://github.com/Homebrew/homebrew-core/issues --disable-multilib --with-native-system-header-dir=/usr/include --with-sysroot=/Library/Developer/CommandLineTools/SDKs/MacOSX.sdk SED=/usr/bin/sed]
  ignore line: [Thread model: posix]
  ignore line: [Supported LTO compression algorithms: zlib]
  ignore line: [gcc version 10.2.1 20201220 (Homebrew GCC 10.2.0_4) ]
  ignore line: [COMPILER_PATH=/opt/homebrew/Cellar/gcc/10.2.0_4/libexec/gcc/aarch64-apple-darwin20/10.2.1/:/opt/homebrew/Cellar/gcc/10.2.0_4/libexec/gcc/aarch64-apple-darwin20/10.2.1/:/opt/homebrew/Cellar/gcc/10.2.0_4/libexec/gcc/aarch64-apple-darwin20/:/opt/homebrew/Cellar/gcc/10.2.0_4/lib/gcc/10/gcc/aarch64-apple-darwin20/10.2.1/:/opt/homebrew/Cellar/gcc/10.2.0_4/lib/gcc/10/gcc/aarch64-apple-darwin20/]
  ignore line: [LIBRARY_PATH=/opt/homebrew/Cellar/gcc/10.2.0_4/lib/gcc/10/gcc/aarch64-apple-darwin20/10.2.1/:/opt/homebrew/Cellar/gcc/10.2.0_4/lib/gcc/10/gcc/aarch64-apple-darwin20/10.2.1/../../../]
  ignore line: [COLLECT_GCC_OPTIONS='-isysroot' '/Library/Developer/CommandLineTools/SDKs/MacOSX11.3.sdk' '-v' '-o' 'cmTC_d7549' '-mmacosx-version-min=11.3.0' '-asm_macosx_version_min=11.3' '-mlittle-endian' '-mabi=lp64']
  link line: [ /opt/homebrew/Cellar/gcc/10.2.0_4/libexec/gcc/aarch64-apple-darwin20/10.2.1/collect2 -dynamic -arch arm64 -macosx_version_min 11.3.0 -syslibroot /Library/Developer/CommandLineTools/SDKs/MacOSX11.3.sdk -weak_reference_mismatches non-weak -o cmTC_d7549 -L/opt/homebrew/Cellar/gcc/10.2.0_4/lib/gcc/10/gcc/aarch64-apple-darwin20/10.2.1 -L/opt/homebrew/Cellar/gcc/10.2.0_4/lib/gcc/10/gcc/aarch64-apple-darwin20/10.2.1/../../.. -search_paths_first -headerpad_max_install_names -v CMakeFiles/cmTC_d7549.dir/CMakeCCompilerABI.c.o -lemutls_w -lgcc -lSystem -lgcc -no_compact_unwind -v]
    arg [/opt/homebrew/Cellar/gcc/10.2.0_4/libexec/gcc/aarch64-apple-darwin20/10.2.1/collect2] ==> ignore
    arg [-dynamic] ==> ignore
    arg [-arch] ==> ignore
    arg [arm64] ==> ignore
    arg [-macosx_version_min] ==> ignore
    arg [11.3.0] ==> ignore
    arg [-syslibroot] ==> ignore
    arg [/Library/Developer/CommandLineTools/SDKs/MacOSX11.3.sdk] ==> ignore
    arg [-weak_reference_mismatches] ==> ignore
    arg [non-weak] ==> ignore
    arg [-o] ==> ignore
    arg [cmTC_d7549] ==> ignore
    arg [-L/opt/homebrew/Cellar/gcc/10.2.0_4/lib/gcc/10/gcc/aarch64-apple-darwin20/10.2.1] ==> dir [/opt/homebrew/Cellar/gcc/10.2.0_4/lib/gcc/10/gcc/aarch64-apple-darwin20/10.2.1]
    arg [-L/opt/homebrew/Cellar/gcc/10.2.0_4/lib/gcc/10/gcc/aarch64-apple-darwin20/10.2.1/../../..] ==> dir [/opt/homebrew/Cellar/gcc/10.2.0_4/lib/gcc/10/gcc/aarch64-apple-darwin20/10.2.1/../../..]
    arg [-search_paths_first] ==> ignore
    arg [-headerpad_max_install_names] ==> ignore
    arg [-v] ==> ignore
    arg [CMakeFiles/cmTC_d7549.dir/CMakeCCompilerABI.c.o] ==> ignore
    arg [-lemutls_w] ==> lib [emutls_w]
    arg [-lgcc] ==> lib [gcc]
    arg [-lSystem] ==> lib [System]
    arg [-lgcc] ==> lib [gcc]
    arg [-no_compact_unwind] ==> ignore
    arg [-v] ==> ignore
  Library search paths: [;/opt/homebrew/Cellar/gcc/10.2.0_4/lib/gcc/10/gcc/aarch64-apple-darwin20/10.2.1;/opt/homebrew/Cellar/gcc/10.2.0_4/lib/gcc/10;/Library/Developer/CommandLineTools/SDKs/MacOSX11.3.sdk/usr/lib]
  Framework search paths: [;/Library/Developer/CommandLineTools/SDKs/MacOSX11.3.sdk/System/Library/Frameworks/]
  remove lib [System]
  collapse library dir [/opt/homebrew/Cellar/gcc/10.2.0_4/lib/gcc/10/gcc/aarch64-apple-darwin20/10.2.1] ==> [/opt/homebrew/Cellar/gcc/10.2.0_4/lib/gcc/10/gcc/aarch64-apple-darwin20/10.2.1]
  collapse library dir [/opt/homebrew/Cellar/gcc/10.2.0_4/lib/gcc/10/gcc/aarch64-apple-darwin20/10.2.1/../../..] ==> [/opt/homebrew/Cellar/gcc/10.2.0_4/lib/gcc/10]
  collapse library dir [/opt/homebrew/Cellar/gcc/10.2.0_4/lib/gcc/10/gcc/aarch64-apple-darwin20/10.2.1] ==> [/opt/homebrew/Cellar/gcc/10.2.0_4/lib/gcc/10/gcc/aarch64-apple-darwin20/10.2.1]
  collapse library dir [/opt/homebrew/Cellar/gcc/10.2.0_4/lib/gcc/10] ==> [/opt/homebrew/Cellar/gcc/10.2.0_4/lib/gcc/10]
  collapse library dir [/Library/Developer/CommandLineTools/SDKs/MacOSX11.3.sdk/usr/lib] ==> [/Library/Developer/CommandLineTools/SDKs/MacOSX11.3.sdk/usr/lib]
  collapse framework dir [/Library/Developer/CommandLineTools/SDKs/MacOSX11.3.sdk/System/Library/Frameworks/] ==> [/Library/Developer/CommandLineTools/SDKs/MacOSX11.3.sdk/System/Library/Frameworks]
  implicit libs: [emutls_w;gcc;gcc]
  implicit dirs: [/opt/homebrew/Cellar/gcc/10.2.0_4/lib/gcc/10/gcc/aarch64-apple-darwin20/10.2.1;/opt/homebrew/Cellar/gcc/10.2.0_4/lib/gcc/10;/Library/Developer/CommandLineTools/SDKs/MacOSX11.3.sdk/usr/lib]
  implicit fwks: [/Library/Developer/CommandLineTools/SDKs/MacOSX11.3.sdk/System/Library/Frameworks]


Detecting CXX compiler ABI info compiled with the following output:
Change Dir: /Users/brianmj/CLionProjects/test_gl/cmake-build-debug/CMakeFiles/CMakeTmp

Run Build Command(s):/usr/bin/make cmTC_2dfb0/fast && /Library/Developer/CommandLineTools/usr/bin/make  -f CMakeFiles/cmTC_2dfb0.dir/build.make CMakeFiles/cmTC_2dfb0.dir/build
Building CXX object CMakeFiles/cmTC_2dfb0.dir/CMakeCXXCompilerABI.cpp.o
/opt/homebrew/Cellar/gcc/10.2.0_4/bin/g++-10   -arch arm64 -isysroot /Library/Developer/CommandLineTools/SDKs/MacOSX11.3.sdk   -v -Wl,-v -o CMakeFiles/cmTC_2dfb0.dir/CMakeCXXCompilerABI.cpp.o -c "/Users/brianmj/Library/Application Support/JetBrains/Toolbox/apps/CLion-ARM/ch-0/211.6693.114/CLion.app/Contents/bin/cmake/mac/share/cmake-3.19/Modules/CMakeCXXCompilerABI.cpp"
Using built-in specs.
COLLECT_GCC=/opt/homebrew/Cellar/gcc/10.2.0_4/bin/g++-10
Target: aarch64-apple-darwin20
Configured with: ../configure --build=aarch64-apple-darwin20 --prefix=/opt/homebrew/Cellar/gcc/10.2.0_4 --libdir=/opt/homebrew/Cellar/gcc/10.2.0_4/lib/gcc/10 --disable-nls --enable-checking=release --enable-languages=c,c++,objc,obj-c++,fortran --program-suffix=-10 --with-gmp=/opt/homebrew/opt/gmp --with-mpfr=/opt/homebrew/opt/mpfr --with-mpc=/opt/homebrew/opt/libmpc --with-isl=/opt/homebrew/opt/isl --with-system-zlib --with-pkgversion='Homebrew GCC 10.2.0_4' --with-bugurl=https://github.com/Homebrew/homebrew-core/issues --disable-multilib --with-native-system-header-dir=/usr/include --with-sysroot=/Library/Developer/CommandLineTools/SDKs/MacOSX.sdk SED=/usr/bin/sed
Thread model: posix
Supported LTO compression algorithms: zlib
gcc version 10.2.1 20201220 (Homebrew GCC 10.2.0_4) 
COLLECT_GCC_OPTIONS='-isysroot' '/Library/Developer/CommandLineTools/SDKs/MacOSX11.3.sdk' '-v' '-o' 'CMakeFiles/cmTC_2dfb0.dir/CMakeCXXCompilerABI.cpp.o' '-c' '-mmacosx-version-min=11.3.0' '-asm_macosx_version_min=11.3' '-mlittle-endian' '-mabi=lp64'
 /opt/homebrew/Cellar/gcc/10.2.0_4/libexec/gcc/aarch64-apple-darwin20/10.2.1/cc1plus -quiet -v -D__DYNAMIC__ -isysroot /Library/Developer/CommandLineTools/SDKs/MacOSX11.3.sdk /Users/brianmj/Library/Application Support/JetBrains/Toolbox/apps/CLion-ARM/ch-0/211.6693.114/CLion.app/Contents/bin/cmake/mac/share/cmake-3.19/Modules/CMakeCXXCompilerABI.cpp -fPIC -quiet -dumpbase CMakeCXXCompilerABI.cpp -mmacosx-version-min=11.3.0 -mlittle-endian -mabi=lp64 -auxbase-strip CMakeFiles/cmTC_2dfb0.dir/CMakeCXXCompilerABI.cpp.o -version -o /var/folders/3y/0c6psy214zq012qq8z3w3yyw0000gn/T//ccsMkynd.s
GNU C++14 (Homebrew GCC 10.2.0_4) version 10.2.1 20201220 (aarch64-apple-darwin20)
	compiled by GNU C version 10.2.1 20201220, GMP version 6.2.1, MPFR version 4.1.0, MPC version 1.2.1, isl version isl-0.23-GMP

GGC heuristics: --param ggc-min-expand=100 --param ggc-min-heapsize=131072
ignoring nonexistent directory "/Library/Developer/CommandLineTools/SDKs/MacOSX11.3.sdk/usr/local/include"
ignoring nonexistent directory "/opt/homebrew/Cellar/gcc/10.2.0_4/lib/gcc/10/gcc/aarch64-apple-darwin20/10.2.1/../../../../../../aarch64-apple-darwin20/include"
ignoring nonexistent directory "/Library/Developer/CommandLineTools/SDKs/MacOSX11.3.sdk/Library/Frameworks"
#include "..." search starts here:
#include <...> search starts here:
 /opt/homebrew/Cellar/gcc/10.2.0_4/lib/gcc/10/gcc/aarch64-apple-darwin20/10.2.1/../../../../../../include/c++/10.2.1
 /opt/homebrew/Cellar/gcc/10.2.0_4/lib/gcc/10/gcc/aarch64-apple-darwin20/10.2.1/../../../../../../include/c++/10.2.1/aarch64-apple-darwin20
 /opt/homebrew/Cellar/gcc/10.2.0_4/lib/gcc/10/gcc/aarch64-apple-darwin20/10.2.1/../../../../../../include/c++/10.2.1/backward
 /opt/homebrew/Cellar/gcc/10.2.0_4/lib/gcc/10/gcc/aarch64-apple-darwin20/10.2.1/include
 /opt/homebrew/Cellar/gcc/10.2.0_4/lib/gcc/10/gcc/aarch64-apple-darwin20/10.2.1/include-fixed
 /Library/Developer/CommandLineTools/SDKs/MacOSX11.3.sdk/usr/include
 /Library/Developer/CommandLineTools/SDKs/MacOSX11.3.sdk/System/Library/Frameworks
End of search list.
GNU C++14 (Homebrew GCC 10.2.0_4) version 10.2.1 20201220 (aarch64-apple-darwin20)
	compiled by GNU C version 10.2.1 20201220, GMP version 6.2.1, MPFR version 4.1.0, MPC version 1.2.1, isl version isl-0.23-GMP

GGC heuristics: --param ggc-min-expand=100 --param ggc-min-heapsize=131072
Compiler executable checksum: 0174c1aa25788cf0008a139021242c47
COLLECT_GCC_OPTIONS='-isysroot' '/Library/Developer/CommandLineTools/SDKs/MacOSX11.3.sdk' '-v' '-o' 'CMakeFiles/cmTC_2dfb0.dir/CMakeCXXCompilerABI.cpp.o' '-c' '-mmacosx-version-min=11.3.0'  '-mlittle-endian' '-mabi=lp64'
 as -arch arm64 -v -mmacosx-version-min=11.3 -o CMakeFiles/cmTC_2dfb0.dir/CMakeCXXCompilerABI.cpp.o /var/folders/3y/0c6psy214zq012qq8z3w3yyw0000gn/T//ccsMkynd.s
Apple clang version 12.0.5 (clang-1205.0.22.9)
Target: aarch64-apple-darwin20.4.0
Thread model: posix
InstalledDir: /Library/Developer/CommandLineTools/usr/bin
 "/Library/Developer/CommandLineTools/usr/bin/clang" -cc1as -triple arm64-apple-macosx11.3.0 -filetype obj -main-file-name ccsMkynd.s -target-cpu apple-a12 -target-feature +v8.3a -target-feature +fp-armv8 -target-feature +neon -target-feature +crc -target-feature +crypto -target-feature +fullfp16 -target-feature +ras -target-feature +lse -target-feature +rdm -target-feature +rcpc -target-feature +zcm -target-feature +zcz -target-feature +sha2 -target-feature +aes -fdebug-compilation-dir /Users/brianmj/CLionProjects/test_gl/cmake-build-debug/CMakeFiles/CMakeTmp -dwarf-debug-producer "Apple clang version 12.0.5 (clang-1205.0.22.9)" -dwarf-version=4 -mrelocation-model pic -mllvm -disable-aligned-alloc-awareness=1 -o CMakeFiles/cmTC_2dfb0.dir/CMakeCXXCompilerABI.cpp.o /var/folders/3y/0c6psy214zq012qq8z3w3yyw0000gn/T//ccsMkynd.s
COMPILER_PATH=/opt/homebrew/Cellar/gcc/10.2.0_4/libexec/gcc/aarch64-apple-darwin20/10.2.1/:/opt/homebrew/Cellar/gcc/10.2.0_4/libexec/gcc/aarch64-apple-darwin20/10.2.1/:/opt/homebrew/Cellar/gcc/10.2.0_4/libexec/gcc/aarch64-apple-darwin20/:/opt/homebrew/Cellar/gcc/10.2.0_4/lib/gcc/10/gcc/aarch64-apple-darwin20/10.2.1/:/opt/homebrew/Cellar/gcc/10.2.0_4/lib/gcc/10/gcc/aarch64-apple-darwin20/
LIBRARY_PATH=/opt/homebrew/Cellar/gcc/10.2.0_4/lib/gcc/10/gcc/aarch64-apple-darwin20/10.2.1/:/opt/homebrew/Cellar/gcc/10.2.0_4/lib/gcc/10/gcc/aarch64-apple-darwin20/10.2.1/../../../
COLLECT_GCC_OPTIONS='-isysroot' '/Library/Developer/CommandLineTools/SDKs/MacOSX11.3.sdk' '-v' '-o' 'CMakeFiles/cmTC_2dfb0.dir/CMakeCXXCompilerABI.cpp.o' '-c' '-mmacosx-version-min=11.3.0'  '-mlittle-endian' '-mabi=lp64'
Linking CXX executable cmTC_2dfb0
"/Users/brianmj/Library/Application Support/JetBrains/Toolbox/apps/CLion-ARM/ch-0/211.6693.114/CLion.app/Contents/bin/cmake/mac/bin/cmake" -E cmake_link_script CMakeFiles/cmTC_2dfb0.dir/link.txt --verbose=1
/opt/homebrew/Cellar/gcc/10.2.0_4/bin/g++-10  -arch arm64 -isysroot /Library/Developer/CommandLineTools/SDKs/MacOSX11.3.sdk -Wl,-search_paths_first -Wl,-headerpad_max_install_names  -v -Wl,-v CMakeFiles/cmTC_2dfb0.dir/CMakeCXXCompilerABI.cpp.o -o cmTC_2dfb0 
Using built-in specs.
COLLECT_GCC=/opt/homebrew/Cellar/gcc/10.2.0_4/bin/g++-10
COLLECT_LTO_WRAPPER=/opt/homebrew/Cellar/gcc/10.2.0_4/libexec/gcc/aarch64-apple-darwin20/10.2.1/lto-wrapper
Target: aarch64-apple-darwin20
Configured with: ../configure --build=aarch64-apple-darwin20 --prefix=/opt/homebrew/Cellar/gcc/10.2.0_4 --libdir=/opt/homebrew/Cellar/gcc/10.2.0_4/lib/gcc/10 --disable-nls --enable-checking=release --enable-languages=c,c++,objc,obj-c++,fortran --program-suffix=-10 --with-gmp=/opt/homebrew/opt/gmp --with-mpfr=/opt/homebrew/opt/mpfr --with-mpc=/opt/homebrew/opt/libmpc --with-isl=/opt/homebrew/opt/isl --with-system-zlib --with-pkgversion='Homebrew GCC 10.2.0_4' --with-bugurl=https://github.com/Homebrew/homebrew-core/issues --disable-multilib --with-native-system-header-dir=/usr/include --with-sysroot=/Library/Developer/CommandLineTools/SDKs/MacOSX.sdk SED=/usr/bin/sed
Thread model: posix
Supported LTO compression algorithms: zlib
gcc version 10.2.1 20201220 (Homebrew GCC 10.2.0_4) 
COMPILER_PATH=/opt/homebrew/Cellar/gcc/10.2.0_4/libexec/gcc/aarch64-apple-darwin20/10.2.1/:/opt/homebrew/Cellar/gcc/10.2.0_4/libexec/gcc/aarch64-apple-darwin20/10.2.1/:/opt/homebrew/Cellar/gcc/10.2.0_4/libexec/gcc/aarch64-apple-darwin20/:/opt/homebrew/Cellar/gcc/10.2.0_4/lib/gcc/10/gcc/aarch64-apple-darwin20/10.2.1/:/opt/homebrew/Cellar/gcc/10.2.0_4/lib/gcc/10/gcc/aarch64-apple-darwin20/
LIBRARY_PATH=/opt/homebrew/Cellar/gcc/10.2.0_4/lib/gcc/10/gcc/aarch64-apple-darwin20/10.2.1/:/opt/homebrew/Cellar/gcc/10.2.0_4/lib/gcc/10/gcc/aarch64-apple-darwin20/10.2.1/../../../
COLLECT_GCC_OPTIONS='-isysroot' '/Library/Developer/CommandLineTools/SDKs/MacOSX11.3.sdk' '-v' '-o' 'cmTC_2dfb0' '-mmacosx-version-min=11.3.0' '-asm_macosx_version_min=11.3' '-mlittle-endian' '-mabi=lp64'
 /opt/homebrew/Cellar/gcc/10.2.0_4/libexec/gcc/aarch64-apple-darwin20/10.2.1/collect2 -dynamic -arch arm64 -macosx_version_min 11.3.0 -syslibroot /Library/Developer/CommandLineTools/SDKs/MacOSX11.3.sdk -weak_reference_mismatches non-weak -o cmTC_2dfb0 -L/opt/homebrew/Cellar/gcc/10.2.0_4/lib/gcc/10/gcc/aarch64-apple-darwin20/10.2.1 -L/opt/homebrew/Cellar/gcc/10.2.0_4/lib/gcc/10/gcc/aarch64-apple-darwin20/10.2.1/../../.. -search_paths_first -headerpad_max_install_names -v CMakeFiles/cmTC_2dfb0.dir/CMakeCXXCompilerABI.cpp.o -lstdc++ -lemutls_w -lgcc -lSystem -lgcc -no_compact_unwind -v
collect2 version 10.2.1 20201220
/usr/bin/ld -dynamic -arch arm64 -macosx_version_min 11.3.0 -syslibroot /Library/Developer/CommandLineTools/SDKs/MacOSX11.3.sdk -weak_reference_mismatches non-weak -o cmTC_2dfb0 -L/opt/homebrew/Cellar/gcc/10.2.0_4/lib/gcc/10/gcc/aarch64-apple-darwin20/10.2.1 -L/opt/homebrew/Cellar/gcc/10.2.0_4/lib/gcc/10/gcc/aarch64-apple-darwin20/10.2.1/../../.. -search_paths_first -headerpad_max_install_names -v CMakeFiles/cmTC_2dfb0.dir/CMakeCXXCompilerABI.cpp.o -lstdc++ -lemutls_w -lgcc -lSystem -lgcc -no_compact_unwind -v
@(#)PROGRAM:ld  PROJECT:ld64-650.9
BUILD 00:19:34 Mar 17 2021
configured to support archs: armv6 armv7 armv7s arm64 arm64e arm64_32 i386 x86_64 x86_64h armv6m armv7k armv7m armv7em
@(#)PROGRAM:ld  PROJECT:ld64-650.9
BUILD 00:19:34 Mar 17 2021
configured to support archs: armv6 armv7 armv7s arm64 arm64e arm64_32 i386 x86_64 x86_64h armv6m armv7k armv7m armv7em
Library search paths:
	/opt/homebrew/Cellar/gcc/10.2.0_4/lib/gcc/10/gcc/aarch64-apple-darwin20/10.2.1
	/opt/homebrew/Cellar/gcc/10.2.0_4/lib/gcc/10
	/Library/Developer/CommandLineTools/SDKs/MacOSX11.3.sdk/usr/lib
Framework search paths:
	/Library/Developer/CommandLineTools/SDKs/MacOSX11.3.sdk/System/Library/Frameworks/



Parsed CXX implicit include dir info from above output: rv=done
  found start of include info
  found start of implicit include info
    add: [/opt/homebrew/Cellar/gcc/10.2.0_4/lib/gcc/10/gcc/aarch64-apple-darwin20/10.2.1/../../../../../../include/c++/10.2.1]
    add: [/opt/homebrew/Cellar/gcc/10.2.0_4/lib/gcc/10/gcc/aarch64-apple-darwin20/10.2.1/../../../../../../include/c++/10.2.1/aarch64-apple-darwin20]
    add: [/opt/homebrew/Cellar/gcc/10.2.0_4/lib/gcc/10/gcc/aarch64-apple-darwin20/10.2.1/../../../../../../include/c++/10.2.1/backward]
    add: [/opt/homebrew/Cellar/gcc/10.2.0_4/lib/gcc/10/gcc/aarch64-apple-darwin20/10.2.1/include]
    add: [/opt/homebrew/Cellar/gcc/10.2.0_4/lib/gcc/10/gcc/aarch64-apple-darwin20/10.2.1/include-fixed]
    add: [/Library/Developer/CommandLineTools/SDKs/MacOSX11.3.sdk/usr/include]
    add: [/Library/Developer/CommandLineTools/SDKs/MacOSX11.3.sdk/System/Library/Frameworks]
  end of search list found
  collapse include dir [/opt/homebrew/Cellar/gcc/10.2.0_4/lib/gcc/10/gcc/aarch64-apple-darwin20/10.2.1/../../../../../../include/c++/10.2.1] ==> [/opt/homebrew/Cellar/gcc/10.2.0_4/include/c++/10.2.1]
  collapse include dir [/opt/homebrew/Cellar/gcc/10.2.0_4/lib/gcc/10/gcc/aarch64-apple-darwin20/10.2.1/../../../../../../include/c++/10.2.1/aarch64-apple-darwin20] ==> [/opt/homebrew/Cellar/gcc/10.2.0_4/include/c++/10.2.1/aarch64-apple-darwin20]
  collapse include dir [/opt/homebrew/Cellar/gcc/10.2.0_4/lib/gcc/10/gcc/aarch64-apple-darwin20/10.2.1/../../../../../../include/c++/10.2.1/backward] ==> [/opt/homebrew/Cellar/gcc/10.2.0_4/include/c++/10.2.1/backward]
  collapse include dir [/opt/homebrew/Cellar/gcc/10.2.0_4/lib/gcc/10/gcc/aarch64-apple-darwin20/10.2.1/include] ==> [/opt/homebrew/Cellar/gcc/10.2.0_4/lib/gcc/10/gcc/aarch64-apple-darwin20/10.2.1/include]
  collapse include dir [/opt/homebrew/Cellar/gcc/10.2.0_4/lib/gcc/10/gcc/aarch64-apple-darwin20/10.2.1/include-fixed] ==> [/opt/homebrew/Cellar/gcc/10.2.0_4/lib/gcc/10/gcc/aarch64-apple-darwin20/10.2.1/include-fixed]
  collapse include dir [/Library/Developer/CommandLineTools/SDKs/MacOSX11.3.sdk/usr/include] ==> [/Library/Developer/CommandLineTools/SDKs/MacOSX11.3.sdk/usr/include]
  collapse include dir [/Library/Developer/CommandLineTools/SDKs/MacOSX11.3.sdk/System/Library/Frameworks] ==> [/Library/Developer/CommandLineTools/SDKs/MacOSX11.3.sdk/System/Library/Frameworks]
  implicit include dirs: [/opt/homebrew/Cellar/gcc/10.2.0_4/include/c++/10.2.1;/opt/homebrew/Cellar/gcc/10.2.0_4/include/c++/10.2.1/aarch64-apple-darwin20;/opt/homebrew/Cellar/gcc/10.2.0_4/include/c++/10.2.1/backward;/opt/homebrew/Cellar/gcc/10.2.0_4/lib/gcc/10/gcc/aarch64-apple-darwin20/10.2.1/include;/opt/homebrew/Cellar/gcc/10.2.0_4/lib/gcc/10/gcc/aarch64-apple-darwin20/10.2.1/include-fixed;/Library/Developer/CommandLineTools/SDKs/MacOSX11.3.sdk/usr/include;/Library/Developer/CommandLineTools/SDKs/MacOSX11.3.sdk/System/Library/Frameworks]


Parsed CXX implicit link information from above output:
  link line regex: [^( *|.*[/\])(ld|CMAKE_LINK_STARTFILE-NOTFOUND|([^/\]+-)?ld|collect2)[^/\]*( |$)]
  ignore line: [Change Dir: /Users/brianmj/CLionProjects/test_gl/cmake-build-debug/CMakeFiles/CMakeTmp]
  ignore line: []
  ignore line: [Run Build Command(s):/usr/bin/make cmTC_2dfb0/fast && /Library/Developer/CommandLineTools/usr/bin/make  -f CMakeFiles/cmTC_2dfb0.dir/build.make CMakeFiles/cmTC_2dfb0.dir/build]
  ignore line: [Building CXX object CMakeFiles/cmTC_2dfb0.dir/CMakeCXXCompilerABI.cpp.o]
  ignore line: [/opt/homebrew/Cellar/gcc/10.2.0_4/bin/g++-10   -arch arm64 -isysroot /Library/Developer/CommandLineTools/SDKs/MacOSX11.3.sdk   -v -Wl -v -o CMakeFiles/cmTC_2dfb0.dir/CMakeCXXCompilerABI.cpp.o -c "/Users/brianmj/Library/Application Support/JetBrains/Toolbox/apps/CLion-ARM/ch-0/211.6693.114/CLion.app/Contents/bin/cmake/mac/share/cmake-3.19/Modules/CMakeCXXCompilerABI.cpp"]
  ignore line: [Using built-in specs.]
  ignore line: [COLLECT_GCC=/opt/homebrew/Cellar/gcc/10.2.0_4/bin/g++-10]
  ignore line: [Target: aarch64-apple-darwin20]
  ignore line: [Configured with: ../configure --build=aarch64-apple-darwin20 --prefix=/opt/homebrew/Cellar/gcc/10.2.0_4 --libdir=/opt/homebrew/Cellar/gcc/10.2.0_4/lib/gcc/10 --disable-nls --enable-checking=release --enable-languages=c c++ objc obj-c++ fortran --program-suffix=-10 --with-gmp=/opt/homebrew/opt/gmp --with-mpfr=/opt/homebrew/opt/mpfr --with-mpc=/opt/homebrew/opt/libmpc --with-isl=/opt/homebrew/opt/isl --with-system-zlib --with-pkgversion='Homebrew GCC 10.2.0_4' --with-bugurl=https://github.com/Homebrew/homebrew-core/issues --disable-multilib --with-native-system-header-dir=/usr/include --with-sysroot=/Library/Developer/CommandLineTools/SDKs/MacOSX.sdk SED=/usr/bin/sed]
  ignore line: [Thread model: posix]
  ignore line: [Supported LTO compression algorithms: zlib]
  ignore line: [gcc version 10.2.1 20201220 (Homebrew GCC 10.2.0_4) ]
  ignore line: [COLLECT_GCC_OPTIONS='-isysroot' '/Library/Developer/CommandLineTools/SDKs/MacOSX11.3.sdk' '-v' '-o' 'CMakeFiles/cmTC_2dfb0.dir/CMakeCXXCompilerABI.cpp.o' '-c' '-mmacosx-version-min=11.3.0' '-asm_macosx_version_min=11.3' '-mlittle-endian' '-mabi=lp64']
  ignore line: [ /opt/homebrew/Cellar/gcc/10.2.0_4/libexec/gcc/aarch64-apple-darwin20/10.2.1/cc1plus -quiet -v -D__DYNAMIC__ -isysroot /Library/Developer/CommandLineTools/SDKs/MacOSX11.3.sdk /Users/brianmj/Library/Application Support/JetBrains/Toolbox/apps/CLion-ARM/ch-0/211.6693.114/CLion.app/Contents/bin/cmake/mac/share/cmake-3.19/Modules/CMakeCXXCompilerABI.cpp -fPIC -quiet -dumpbase CMakeCXXCompilerABI.cpp -mmacosx-version-min=11.3.0 -mlittle-endian -mabi=lp64 -auxbase-strip CMakeFiles/cmTC_2dfb0.dir/CMakeCXXCompilerABI.cpp.o -version -o /var/folders/3y/0c6psy214zq012qq8z3w3yyw0000gn/T//ccsMkynd.s]
  ignore line: [GNU C++14 (Homebrew GCC 10.2.0_4) version 10.2.1 20201220 (aarch64-apple-darwin20)]
  ignore line: [	compiled by GNU C version 10.2.1 20201220  GMP version 6.2.1  MPFR version 4.1.0  MPC version 1.2.1  isl version isl-0.23-GMP]
  ignore line: []
  ignore line: [GGC heuristics: --param ggc-min-expand=100 --param ggc-min-heapsize=131072]
  ignore line: [ignoring nonexistent directory "/Library/Developer/CommandLineTools/SDKs/MacOSX11.3.sdk/usr/local/include"]
  ignore line: [ignoring nonexistent directory "/opt/homebrew/Cellar/gcc/10.2.0_4/lib/gcc/10/gcc/aarch64-apple-darwin20/10.2.1/../../../../../../aarch64-apple-darwin20/include"]
  ignore line: [ignoring nonexistent directory "/Library/Developer/CommandLineTools/SDKs/MacOSX11.3.sdk/Library/Frameworks"]
  ignore line: [#include "..." search starts here:]
  ignore line: [#include <...> search starts here:]
  ignore line: [ /opt/homebrew/Cellar/gcc/10.2.0_4/lib/gcc/10/gcc/aarch64-apple-darwin20/10.2.1/../../../../../../include/c++/10.2.1]
  ignore line: [ /opt/homebrew/Cellar/gcc/10.2.0_4/lib/gcc/10/gcc/aarch64-apple-darwin20/10.2.1/../../../../../../include/c++/10.2.1/aarch64-apple-darwin20]
  ignore line: [ /opt/homebrew/Cellar/gcc/10.2.0_4/lib/gcc/10/gcc/aarch64-apple-darwin20/10.2.1/../../../../../../include/c++/10.2.1/backward]
  ignore line: [ /opt/homebrew/Cellar/gcc/10.2.0_4/lib/gcc/10/gcc/aarch64-apple-darwin20/10.2.1/include]
  ignore line: [ /opt/homebrew/Cellar/gcc/10.2.0_4/lib/gcc/10/gcc/aarch64-apple-darwin20/10.2.1/include-fixed]
  ignore line: [ /Library/Developer/CommandLineTools/SDKs/MacOSX11.3.sdk/usr/include]
  ignore line: [ /Library/Developer/CommandLineTools/SDKs/MacOSX11.3.sdk/System/Library/Frameworks]
  ignore line: [End of search list.]
  ignore line: [GNU C++14 (Homebrew GCC 10.2.0_4) version 10.2.1 20201220 (aarch64-apple-darwin20)]
  ignore line: [	compiled by GNU C version 10.2.1 20201220  GMP version 6.2.1  MPFR version 4.1.0  MPC version 1.2.1  isl version isl-0.23-GMP]
  ignore line: []
  ignore line: [GGC heuristics: --param ggc-min-expand=100 --param ggc-min-heapsize=131072]
  ignore line: [Compiler executable checksum: 0174c1aa25788cf0008a139021242c47]
  ignore line: [COLLECT_GCC_OPTIONS='-isysroot' '/Library/Developer/CommandLineTools/SDKs/MacOSX11.3.sdk' '-v' '-o' 'CMakeFiles/cmTC_2dfb0.dir/CMakeCXXCompilerABI.cpp.o' '-c' '-mmacosx-version-min=11.3.0'  '-mlittle-endian' '-mabi=lp64']
  ignore line: [ as -arch arm64 -v -mmacosx-version-min=11.3 -o CMakeFiles/cmTC_2dfb0.dir/CMakeCXXCompilerABI.cpp.o /var/folders/3y/0c6psy214zq012qq8z3w3yyw0000gn/T//ccsMkynd.s]
  ignore line: [Apple clang version 12.0.5 (clang-1205.0.22.9)]
  ignore line: [Target: aarch64-apple-darwin20.4.0]
  ignore line: [Thread model: posix]
  ignore line: [InstalledDir: /Library/Developer/CommandLineTools/usr/bin]
  ignore line: [ "/Library/Developer/CommandLineTools/usr/bin/clang" -cc1as -triple arm64-apple-macosx11.3.0 -filetype obj -main-file-name ccsMkynd.s -target-cpu apple-a12 -target-feature +v8.3a -target-feature +fp-armv8 -target-feature +neon -target-feature +crc -target-feature +crypto -target-feature +fullfp16 -target-feature +ras -target-feature +lse -target-feature +rdm -target-feature +rcpc -target-feature +zcm -target-feature +zcz -target-feature +sha2 -target-feature +aes -fdebug-compilation-dir /Users/brianmj/CLionProjects/test_gl/cmake-build-debug/CMakeFiles/CMakeTmp -dwarf-debug-producer "Apple clang version 12.0.5 (clang-1205.0.22.9)" -dwarf-version=4 -mrelocation-model pic -mllvm -disable-aligned-alloc-awareness=1 -o CMakeFiles/cmTC_2dfb0.dir/CMakeCXXCompilerABI.cpp.o /var/folders/3y/0c6psy214zq012qq8z3w3yyw0000gn/T//ccsMkynd.s]
  ignore line: [COMPILER_PATH=/opt/homebrew/Cellar/gcc/10.2.0_4/libexec/gcc/aarch64-apple-darwin20/10.2.1/:/opt/homebrew/Cellar/gcc/10.2.0_4/libexec/gcc/aarch64-apple-darwin20/10.2.1/:/opt/homebrew/Cellar/gcc/10.2.0_4/libexec/gcc/aarch64-apple-darwin20/:/opt/homebrew/Cellar/gcc/10.2.0_4/lib/gcc/10/gcc/aarch64-apple-darwin20/10.2.1/:/opt/homebrew/Cellar/gcc/10.2.0_4/lib/gcc/10/gcc/aarch64-apple-darwin20/]
  ignore line: [LIBRARY_PATH=/opt/homebrew/Cellar/gcc/10.2.0_4/lib/gcc/10/gcc/aarch64-apple-darwin20/10.2.1/:/opt/homebrew/Cellar/gcc/10.2.0_4/lib/gcc/10/gcc/aarch64-apple-darwin20/10.2.1/../../../]
  ignore line: [COLLECT_GCC_OPTIONS='-isysroot' '/Library/Developer/CommandLineTools/SDKs/MacOSX11.3.sdk' '-v' '-o' 'CMakeFiles/cmTC_2dfb0.dir/CMakeCXXCompilerABI.cpp.o' '-c' '-mmacosx-version-min=11.3.0'  '-mlittle-endian' '-mabi=lp64']
  ignore line: [Linking CXX executable cmTC_2dfb0]
  ignore line: ["/Users/brianmj/Library/Application Support/JetBrains/Toolbox/apps/CLion-ARM/ch-0/211.6693.114/CLion.app/Contents/bin/cmake/mac/bin/cmake" -E cmake_link_script CMakeFiles/cmTC_2dfb0.dir/link.txt --verbose=1]
  ignore line: [/opt/homebrew/Cellar/gcc/10.2.0_4/bin/g++-10  -arch arm64 -isysroot /Library/Developer/CommandLineTools/SDKs/MacOSX11.3.sdk -Wl -search_paths_first -Wl -headerpad_max_install_names  -v -Wl -v CMakeFiles/cmTC_2dfb0.dir/CMakeCXXCompilerABI.cpp.o -o cmTC_2dfb0 ]
  ignore line: [Using built-in specs.]
  ignore line: [COLLECT_GCC=/opt/homebrew/Cellar/gcc/10.2.0_4/bin/g++-10]
  ignore line: [COLLECT_LTO_WRAPPER=/opt/homebrew/Cellar/gcc/10.2.0_4/libexec/gcc/aarch64-apple-darwin20/10.2.1/lto-wrapper]
  ignore line: [Target: aarch64-apple-darwin20]
  ignore line: [Configured with: ../configure --build=aarch64-apple-darwin20 --prefix=/opt/homebrew/Cellar/gcc/10.2.0_4 --libdir=/opt/homebrew/Cellar/gcc/10.2.0_4/lib/gcc/10 --disable-nls --enable-checking=release --enable-languages=c c++ objc obj-c++ fortran --program-suffix=-10 --with-gmp=/opt/homebrew/opt/gmp --with-mpfr=/opt/homebrew/opt/mpfr --with-mpc=/opt/homebrew/opt/libmpc --with-isl=/opt/homebrew/opt/isl --with-system-zlib --with-pkgversion='Homebrew GCC 10.2.0_4' --with-bugurl=https://github.com/Homebrew/homebrew-core/issues --disable-multilib --with-native-system-header-dir=/usr/include --with-sysroot=/Library/Developer/CommandLineTools/SDKs/MacOSX.sdk SED=/usr/bin/sed]
  ignore line: [Thread model: posix]
  ignore line: [Supported LTO compression algorithms: zlib]
  ignore line: [gcc version 10.2.1 20201220 (Homebrew GCC 10.2.0_4) ]
  ignore line: [COMPILER_PATH=/opt/homebrew/Cellar/gcc/10.2.0_4/libexec/gcc/aarch64-apple-darwin20/10.2.1/:/opt/homebrew/Cellar/gcc/10.2.0_4/libexec/gcc/aarch64-apple-darwin20/10.2.1/:/opt/homebrew/Cellar/gcc/10.2.0_4/libexec/gcc/aarch64-apple-darwin20/:/opt/homebrew/Cellar/gcc/10.2.0_4/lib/gcc/10/gcc/aarch64-apple-darwin20/10.2.1/:/opt/homebrew/Cellar/gcc/10.2.0_4/lib/gcc/10/gcc/aarch64-apple-darwin20/]
  ignore line: [LIBRARY_PATH=/opt/homebrew/Cellar/gcc/10.2.0_4/lib/gcc/10/gcc/aarch64-apple-darwin20/10.2.1/:/opt/homebrew/Cellar/gcc/10.2.0_4/lib/gcc/10/gcc/aarch64-apple-darwin20/10.2.1/../../../]
  ignore line: [COLLECT_GCC_OPTIONS='-isysroot' '/Library/Developer/CommandLineTools/SDKs/MacOSX11.3.sdk' '-v' '-o' 'cmTC_2dfb0' '-mmacosx-version-min=11.3.0' '-asm_macosx_version_min=11.3' '-mlittle-endian' '-mabi=lp64']
  link line: [ /opt/homebrew/Cellar/gcc/10.2.0_4/libexec/gcc/aarch64-apple-darwin20/10.2.1/collect2 -dynamic -arch arm64 -macosx_version_min 11.3.0 -syslibroot /Library/Developer/CommandLineTools/SDKs/MacOSX11.3.sdk -weak_reference_mismatches non-weak -o cmTC_2dfb0 -L/opt/homebrew/Cellar/gcc/10.2.0_4/lib/gcc/10/gcc/aarch64-apple-darwin20/10.2.1 -L/opt/homebrew/Cellar/gcc/10.2.0_4/lib/gcc/10/gcc/aarch64-apple-darwin20/10.2.1/../../.. -search_paths_first -headerpad_max_install_names -v CMakeFiles/cmTC_2dfb0.dir/CMakeCXXCompilerABI.cpp.o -lstdc++ -lemutls_w -lgcc -lSystem -lgcc -no_compact_unwind -v]
    arg [/opt/homebrew/Cellar/gcc/10.2.0_4/libexec/gcc/aarch64-apple-darwin20/10.2.1/collect2] ==> ignore
    arg [-dynamic] ==> ignore
    arg [-arch] ==> ignore
    arg [arm64] ==> ignore
    arg [-macosx_version_min] ==> ignore
    arg [11.3.0] ==> ignore
    arg [-syslibroot] ==> ignore
    arg [/Library/Developer/CommandLineTools/SDKs/MacOSX11.3.sdk] ==> ignore
    arg [-weak_reference_mismatches] ==> ignore
    arg [non-weak] ==> ignore
    arg [-o] ==> ignore
    arg [cmTC_2dfb0] ==> ignore
    arg [-L/opt/homebrew/Cellar/gcc/10.2.0_4/lib/gcc/10/gcc/aarch64-apple-darwin20/10.2.1] ==> dir [/opt/homebrew/Cellar/gcc/10.2.0_4/lib/gcc/10/gcc/aarch64-apple-darwin20/10.2.1]
    arg [-L/opt/homebrew/Cellar/gcc/10.2.0_4/lib/gcc/10/gcc/aarch64-apple-darwin20/10.2.1/../../..] ==> dir [/opt/homebrew/Cellar/gcc/10.2.0_4/lib/gcc/10/gcc/aarch64-apple-darwin20/10.2.1/../../..]
    arg [-search_paths_first] ==> ignore
    arg [-headerpad_max_install_names] ==> ignore
    arg [-v] ==> ignore
    arg [CMakeFiles/cmTC_2dfb0.dir/CMakeCXXCompilerABI.cpp.o] ==> ignore
    arg [-lstdc++] ==> lib [stdc++]
    arg [-lemutls_w] ==> lib [emutls_w]
    arg [-lgcc] ==> lib [gcc]
    arg [-lSystem] ==> lib [System]
    arg [-lgcc] ==> lib [gcc]
    arg [-no_compact_unwind] ==> ignore
    arg [-v] ==> ignore
  Library search paths: [;/opt/homebrew/Cellar/gcc/10.2.0_4/lib/gcc/10/gcc/aarch64-apple-darwin20/10.2.1;/opt/homebrew/Cellar/gcc/10.2.0_4/lib/gcc/10;/Library/Developer/CommandLineTools/SDKs/MacOSX11.3.sdk/usr/lib]
  Framework search paths: [;/Library/Developer/CommandLineTools/SDKs/MacOSX11.3.sdk/System/Library/Frameworks/]
  remove lib [System]
  collapse library dir [/opt/homebrew/Cellar/gcc/10.2.0_4/lib/gcc/10/gcc/aarch64-apple-darwin20/10.2.1] ==> [/opt/homebrew/Cellar/gcc/10.2.0_4/lib/gcc/10/gcc/aarch64-apple-darwin20/10.2.1]
  collapse library dir [/opt/homebrew/Cellar/gcc/10.2.0_4/lib/gcc/10/gcc/aarch64-apple-darwin20/10.2.1/../../..] ==> [/opt/homebrew/Cellar/gcc/10.2.0_4/lib/gcc/10]
  collapse library dir [/opt/homebrew/Cellar/gcc/10.2.0_4/lib/gcc/10/gcc/aarch64-apple-darwin20/10.2.1] ==> [/opt/homebrew/Cellar/gcc/10.2.0_4/lib/gcc/10/gcc/aarch64-apple-darwin20/10.2.1]
  collapse library dir [/opt/homebrew/Cellar/gcc/10.2.0_4/lib/gcc/10] ==> [/opt/homebrew/Cellar/gcc/10.2.0_4/lib/gcc/10]
  collapse library dir [/Library/Developer/CommandLineTools/SDKs/MacOSX11.3.sdk/usr/lib] ==> [/Library/Developer/CommandLineTools/SDKs/MacOSX11.3.sdk/usr/lib]
  collapse framework dir [/Library/Developer/CommandLineTools/SDKs/MacOSX11.3.sdk/System/Library/Frameworks/] ==> [/Library/Developer/CommandLineTools/SDKs/MacOSX11.3.sdk/System/Library/Frameworks]
  implicit libs: [stdc++;emutls_w;gcc;gcc]
  implicit dirs: [/opt/homebrew/Cellar/gcc/10.2.0_4/lib/gcc/10/gcc/aarch64-apple-darwin20/10.2.1;/opt/homebrew/Cellar/gcc/10.2.0_4/lib/gcc/10;/Library/Developer/CommandLineTools/SDKs/MacOSX11.3.sdk/usr/lib]
  implicit fwks: [/Library/Developer/CommandLineTools/SDKs/MacOSX11.3.sdk/System/Library/Frameworks]


